<?xml version="1.0" encoding="UTF-8"?>
<!-- Generated by org.testng.reporters.JUnitXMLReporter -->
<testsuite ignored="0" hostname="DESKTOP-4NDN0OD" failures="0" tests="9" name="carloan" time="0.122" errors="0" timestamp="2023-02-02T18:30:58 IST">
  <testcase classname="com.Flipakart.day4" name="APIHomeLoan" time="0.002"/>
  <testcase classname="com.Flipakart.day4" name="InsuranceHomeLoan" time="0.002"/>
  <testcase classname="com.Flipakart.day4" name="MobileLoginHomeLoan" time="0.002"/>
  <testcase classname="com.Flipakart.day3" name="APICArLoan" time="0.001"/>
  <testcase classname="com.Flipakart.day3" name="InsuranceCArLoan" time="0.012"/>
  <testcase classname="com.Flipakart.day3" name="webLoginCArLoan" time="0.005"/>
  <testcase classname="com.Flipakart.TestngDemo" name="FirstApp" time="0.003"/>
  <testcase classname="com.Flipakart.TestngDemo" name="SecondApp" time="0.007"/>
  <testcase classname="com.Flipakart.App2" name="Demo2" time="0.004"/>
</testsuite> <!-- carloan -->
