<?xml version="1.0" encoding="UTF-8"?>
<!-- Generated by org.testng.reporters.JUnitXMLReporter -->
<testsuite ignored="2" hostname="DESKTOP-4NDN0OD" failures="0" tests="0" time="0.013" errors="0" timestamp="2023-02-13T21:46:48 IST">
  <testcase classname="com.rahulsheetyacademy.errorValidationsTest" name="submitOrder" time="0.0">
    <ignored/>
  </testcase> <!-- submitOrder -->
  <testcase classname="com.rahulsheetyacademy.errorValidationsTest" name="ProductErrorValidation" time="0.0">
    <ignored/>
  </testcase> <!-- ProductErrorValidation -->
</testsuite>
