<?xml version="1.0" encoding="UTF-8"?>
<!-- Generated by org.testng.reporters.JUnitXMLReporter -->
<testsuite ignored="1" hostname="DESKTOP-4NDN0OD" failures="1" tests="11" name="personalLoan" time="0.19" errors="0" timestamp="2023-02-02T18:30:58 IST">
  <testcase classname="com.day1Project.day1" name="pLoan" time="0.009"/>
  <testcase classname="com.day1Project.day1" name="prerequiste" time="0.003"/>
  <testcase classname="com.day1Project.day3" name="Tax" time="0.002"/>
  <testcase classname="com.day1Project.day3" name="webLoginCArLoan" time="0.01"/>
  <testcase classname="com.day1Project.day3" name="webLogicLoan" time="0.003"/>
  <testcase classname="com.day1Project.day3" name="webLogicLoan" time="0.002"/>
  <testcase classname="com.day1Project.day3" name="webLogicLoan" time="0.004"/>
  <testcase classname="com.day1Project.day3" name="APICArLoan" time="0.003"/>
  <testcase classname="com.day1Project.day4" name="APIHomeLoan" time="0.003"/>
  <testcase classname="com.day1Project.day4" name="InsuranceHomeLoan" time="0.0">
    <failure type="org.testng.TestNGException" message="
Cannot inject @Test annotated Method [InsuranceHomeLoan] with [class java.lang.String].
For more information on native dependency injection please refer to https://testng.org/doc/documentation-main.html#native-dependency-injection">
      <![CDATA[org.testng.TestNGException: 
Cannot inject @Test annotated Method [InsuranceHomeLoan] with [class java.lang.String].
For more information on native dependency injection please refer to https://testng.org/doc/documentation-main.html#native-dependency-injection
at java.base/java.util.ArrayList.forEach(ArrayList.java:1511)
... Removed 26 stack frames]]>
    </failure>
  </testcase> <!-- InsuranceHomeLoan -->
  <testcase classname="com.day1Project.day4" name="MobileLoginHomeLoan" time="0.005"/>
  <testcase classname="com.day1Project.day3" name="InsuranceCArLoan" time="0.0">
    <ignored/>
  </testcase> <!-- InsuranceCArLoan -->
</testsuite> <!-- personalLoan -->
