<?xml version="1.0" encoding="UTF-8"?>
<!-- Generated by org.testng.reporters.JUnitXMLReporter -->
<testsuite ignored="8" hostname="DESKTOP-4NDN0OD" failures="0" tests="3" name="Regression" time="0.129" errors="0" timestamp="2023-02-02T17:50:43 IST">
  <testcase classname="com.day1Project.day1" name="pLoan" time="0.026"/>
  <testcase classname="com.day1Project.day2" name="PersonalLoan" time="0.002"/>
  <testcase classname="com.day1Project.day4" name="MobileLoginHomeLoan" time="0.004"/>
  <testcase classname="com.day1Project.day4" name="APIHomeLoan" time="0.0">
    <ignored/>
  </testcase> <!-- APIHomeLoan -->
  <testcase classname="com.day1Project.day3" name="APICArLoan" time="0.0">
    <ignored/>
  </testcase> <!-- APICArLoan -->
  <testcase classname="com.day1Project.day2" name="creditCardLoan" time="0.0">
    <ignored/>
  </testcase> <!-- creditCardLoan -->
  <testcase classname="com.day1Project.day3" name="webLoginCArLoan" time="0.0">
    <ignored/>
  </testcase> <!-- webLoginCArLoan -->
  <testcase classname="com.day1Project.day3" name="Tax" time="0.0">
    <ignored/>
  </testcase> <!-- Tax -->
  <testcase classname="com.day1Project.day1" name="prerequiste" time="0.0">
    <ignored/>
  </testcase> <!-- prerequiste -->
  <testcase classname="com.day1Project.day3" name="InsuranceCArLoan" time="0.0">
    <ignored/>
  </testcase> <!-- InsuranceCArLoan -->
  <testcase classname="com.day1Project.day4" name="InsuranceHomeLoan" time="0.0">
    <ignored/>
  </testcase> <!-- InsuranceHomeLoan -->
</testsuite> <!-- Regression -->
