<?xml version="1.0" encoding="UTF-8"?>
<!-- Generated by org.testng.reporters.JUnitXMLReporter -->
<testsuite ignored="0" hostname="DESKTOP-4NDN0OD" failures="0" tests="7" name="testing" time="0.18" errors="0" timestamp="2023-02-03T07:07:50 IST">
  <testcase classname="testngProject.day1" name="m1" time="0.012"/>
  <testcase classname="testngProject.day1" name="m2" time="0.004"/>
  <testcase classname="testngProject.day1" name="m3" time="0.004"/>
  <testcase classname="testngProject.day1" name="weblogicloan" time="0.004"/>
  <testcase classname="testngProject.day1" name="weblogicloan" time="0.003"/>
  <testcase classname="testngProject.day1" name="weblogicloan" time="0.007"/>
  <testcase classname="testngProject.day1" name="m4" time="0.002"/>
</testsuite> <!-- testing -->
