<?xml version="1.0" encoding="UTF-8"?>
<!-- Generated by org.testng.reporters.JUnitXMLReporter -->
<testsuite ignored="0" hostname="DESKTOP-4NDN0OD" failures="1" tests="2" name="Test" time="49.961" errors="0" timestamp="2023-02-11T11:03:40 IST">
  <testcase classname="com.rahulsheetyacademy.errorValidationsTest" name="submitOrder" time="0.95">
    <failure type="java.lang.AssertionError" message="expected:&amp;lt;Incorrect email or password&amp;gt; but was:&amp;lt;Incorrect email or password.&amp;gt;">
      <![CDATA[java.lang.AssertionError: expected:<Incorrect email or password> but was:<Incorrect email or password.>
at com.rahulsheetyacademy.errorValidationsTest.submitOrder(errorValidationsTest.java:21)
at java.base/java.util.ArrayList.forEach(ArrayList.java:1511)
... Removed 29 stack frames]]>
    </failure>
  </testcase> <!-- submitOrder -->
  <testcase classname="com.rahulsheetyacademy.submitOrderTest" name="submitOrder" time="29.874"/>
</testsuite> <!-- Test -->
