<?xml version="1.0" encoding="UTF-8"?>
<!-- Generated by org.testng.reporters.JUnitXMLReporter -->
<testsuite ignored="1" hostname="DESKTOP-4NDN0OD" failures="0" tests="7" name="carLoan" time="0.144" errors="0" timestamp="2023-02-02T14:39:40 IST">
  <testcase classname="com.Flipakart.day3" name="APICArLoan" time="0.016"/>
  <testcase classname="com.Flipakart.day3" name="InsuranceCArLoan" time="0.003"/>
  <testcase classname="com.Flipakart.day3" name="webLoginCArLoan" time="0.004"/>
  <testcase classname="com.day1Project.day1" name="SecondOne" time="0.002"/>
  <testcase classname="com.Flipakart.day4" name="APIHomeLoan" time="0.002"/>
  <testcase classname="com.Flipakart.day4" name="InsuranceHomeLoan" time="0.003"/>
  <testcase classname="com.Flipakart.day4" name="MobileLoginHomeLoan" time="0.003"/>
  <testcase classname="com.day1Project.day1" name="FirstOne" time="0.0">
    <ignored/>
  </testcase> <!-- FirstOne -->
</testsuite> <!-- carLoan -->
