<?xml version="1.0" encoding="UTF-8"?>
<!-- Generated by org.testng.reporters.JUnitXMLReporter -->
<testsuite ignored="1" hostname="DESKTOP-4NDN0OD" failures="0" tests="1" name="InsuranceHomeLoan" time="0.016" errors="0" timestamp="2023-02-02T14:32:36 IST">
  <testcase classname="com.Flipakart.TestngDemo" name="SecondApp" time="0.002"/>
  <testcase classname="com.Flipakart.TestngDemo" name="FirstApp" time="0.0">
    <ignored/>
  </testcase> <!-- FirstApp -->
</testsuite> <!-- InsuranceHomeLoan -->
