<?xml version="1.0" encoding="UTF-8"?>
<!-- Generated by org.testng.reporters.JUnitXMLReporter -->
<testsuite ignored="0" hostname="DESKTOP-4NDN0OD" failures="0" tests="8" name="carLoan" time="0.148" errors="0" timestamp="2023-02-02T14:23:50 IST">
  <testcase classname="com.Flipakart.day3" name="APICArLoan" time="0.016"/>
  <testcase classname="com.Flipakart.day3" name="InsuranceCArLoan" time="0.002"/>
  <testcase classname="com.Flipakart.day3" name="webLoginCArLoan" time="0.002"/>
  <testcase classname="com.day1Project.day1" name="FirstOne" time="0.002"/>
  <testcase classname="com.day1Project.day1" name="SecondOne" time="0.003"/>
  <testcase classname="com.Flipakart.day4" name="APIHomeLoan" time="0.003"/>
  <testcase classname="com.Flipakart.day4" name="InsuranceHomeLoan" time="0.007"/>
  <testcase classname="com.Flipakart.day4" name="MobileLoginHomeLoan" time="0.003"/>
</testsuite> <!-- carLoan -->
