<?xml version="1.0" encoding="UTF-8"?>
<!-- Generated by org.testng.reporters.JUnitXMLReporter -->
<testsuite ignored="1" hostname="DESKTOP-4NDN0OD" failures="0" tests="11" name="personalLoan" time="0.25" errors="0" timestamp="2023-02-03T07:10:38 IST">
  <testcase classname="com.day1Project.day1" name="pLoan" time="0.012"/>
  <testcase classname="com.day1Project.day1" name="prerequiste" time="0.006"/>
  <testcase classname="com.day1Project.day3" name="Tax" time="0.002"/>
  <testcase classname="com.day1Project.day3" name="webLoginCArLoan" time="0.014"/>
  <testcase classname="com.day1Project.day3" name="webLogicLoan" time="0.005"/>
  <testcase classname="com.day1Project.day3" name="webLogicLoan" time="0.007"/>
  <testcase classname="com.day1Project.day3" name="webLogicLoan" time="0.003"/>
  <testcase classname="com.day1Project.day4" name="APIHomeLoan" time="0.002"/>
  <testcase classname="com.day1Project.day4" name="InsuranceHomeLoan" time="0.003"/>
  <testcase classname="com.day1Project.day4" name="MobileLoginHomeLoan" time="0.002"/>
  <testcase classname="com.day1Project.day3" name="APICArLoan" time="0.001"/>
  <testcase classname="com.day1Project.day3" name="InsuranceCArLoan" time="0.0">
    <ignored/>
  </testcase> <!-- InsuranceCArLoan -->
</testsuite> <!-- personalLoan -->
