<?xml version="1.0" encoding="UTF-8"?>
<!-- Generated by org.testng.reporters.JUnitXMLReporter -->
<testsuite hostname="DESKTOP-4NDN0OD" ignored="2" tests="0" failures="0" timestamp="16 Feb 2023 06:41:44 GMT" time="0.007" errors="0">
  <testcase name="submitOrder" time="0.0" classname="com.rahulsheetyacademy.errorValidationsTest">
    <ignored/>
  </testcase> <!-- submitOrder -->
  <testcase name="ProductErrorValidation" time="0.0" classname="com.rahulsheetyacademy.errorValidationsTest">
    <ignored/>
  </testcase> <!-- ProductErrorValidation -->
</testsuite>
