<?xml version="1.0" encoding="UTF-8"?>
<!-- Generated by org.testng.reporters.JUnitXMLReporter -->
<testsuite hostname="DESKTOP-4NDN0OD" ignored="0" name="carloan" tests="9" failures="0" timestamp="16 Feb 2023 06:39:39 GMT" time="0.063" errors="0">
  <testcase name="APIHomeLoan" time="0.003" classname="com.Flipakart.day4"/>
  <testcase name="InsuranceHomeLoan" time="0.001" classname="com.Flipakart.day4"/>
  <testcase name="MobileLoginHomeLoan" time="0.001" classname="com.Flipakart.day4"/>
  <testcase name="APICArLoan" time="0.0" classname="com.Flipakart.day3"/>
  <testcase name="InsuranceCArLoan" time="0.001" classname="com.Flipakart.day3"/>
  <testcase name="webLoginCArLoan" time="0.0" classname="com.Flipakart.day3"/>
  <testcase name="FirstApp" time="0.0" classname="com.Flipakart.TestngDemo"/>
  <testcase name="SecondApp" time="0.0" classname="com.Flipakart.TestngDemo"/>
  <testcase name="Demo2" time="0.0" classname="com.Flipakart.App2"/>
</testsuite> <!-- carloan -->
