<?xml version="1.0" encoding="UTF-8"?>
<!-- Generated by org.testng.reporters.JUnitXMLReporter -->
<testsuite hostname="DESKTOP-4NDN0OD" ignored="1" name="personalLoan" tests="11" failures="0" timestamp="16 Feb 2023 06:39:39 GMT" time="0.093" errors="0">
  <testcase name="pLoan" time="0.003" classname="com.day1Project.day1"/>
  <testcase name="prerequiste" time="0.001" classname="com.day1Project.day1"/>
  <testcase name="Tax" time="0.001" classname="com.day1Project.day3"/>
  <testcase name="webLoginCArLoan" time="0.017" classname="com.day1Project.day3"/>
  <testcase name="webLogicLoan" time="0.001" classname="com.day1Project.day3"/>
  <testcase name="webLogicLoan" time="0.001" classname="com.day1Project.day3"/>
  <testcase name="webLogicLoan" time="0.001" classname="com.day1Project.day3"/>
  <testcase name="APIHomeLoan" time="0.001" classname="com.day1Project.day4"/>
  <testcase name="InsuranceHomeLoan" time="0.001" classname="com.day1Project.day4"/>
  <testcase name="MobileLoginHomeLoan" time="0.001" classname="com.day1Project.day4"/>
  <testcase name="APICArLoan" time="0.0" classname="com.day1Project.day3"/>
  <testcase name="InsuranceCArLoan" time="0.0" classname="com.day1Project.day3">
    <ignored/>
  </testcase> <!-- InsuranceCArLoan -->
</testsuite> <!-- personalLoan -->
